[2016.02.16-17.42.57:809][  0]Log file open, 02/16/16 18:42:57
[2016.02.16-17.42.57:810][  0]LogInit:Display: Running engine for game: StarFox
[2016.02.16-17.42.57:810][  0]LogInit:Display: RandInit(-1867498352) SRandInit(-1867498351).
[2016.02.16-17.42.57:810][  0]LogTaskGraph: Started task graph with 4 named threads and 7 total threads.
[2016.02.16-17.42.57:810][  0]LogStats: Stats thread started at 0.074116
[2016.02.16-17.42.57:810][  0]LogInit: Version: 4.9.1-2689999+++depot+UE4-Releases+4.9
[2016.02.16-17.42.57:810][  0]LogInit: API Version: 2672455
[2016.02.16-17.42.57:810][  0]LogInit: Compiled (64-bit): Sep 14 2015 04:12:03
[2016.02.16-17.42.57:810][  0]LogInit: Compiled with Visual C++: 18.00.21005.01
[2016.02.16-17.42.57:810][  0]LogInit: Build Configuration: Development
[2016.02.16-17.42.57:810][  0]LogInit: Branch Name: ++depot+UE4-Releases+4.9
[2016.02.16-17.42.57:810][  0]LogInit: Command line:  
[2016.02.16-17.42.57:810][  0]LogInit: Base directory: D:/Programs/Epic Games/4.9/Engine/Binaries/Win64/
[2016.02.16-17.42.57:810][  0]LogInit: Rocket: 1
[2016.02.16-17.42.57:816][  0]LogInit: Using libcurl 7.41.0
[2016.02.16-17.42.57:816][  0]LogInit:  - built for x86_64-pc-win32
[2016.02.16-17.42.57:816][  0]LogInit:  - supports SSL with WinSSL
[2016.02.16-17.42.57:816][  0]LogInit:  - other features:
[2016.02.16-17.42.57:816][  0]LogInit:      CURL_VERSION_SSL
[2016.02.16-17.42.57:816][  0]LogInit:      CURL_VERSION_IPV6
[2016.02.16-17.42.57:816][  0]LogInit:      CURL_VERSION_ASYNCHDNS
[2016.02.16-17.42.57:816][  0]LogInit:      CURL_VERSION_LARGEFILE
[2016.02.16-17.42.57:816][  0]LogInit:      CURL_VERSION_IDN
[2016.02.16-17.42.57:816][  0]LogInit:  CurlRequestOptions (configurable via config and command line):
[2016.02.16-17.42.57:816][  0]LogInit:  - bVerifyPeer = true  - Libcurl will verify peer certificate
[2016.02.16-17.42.57:816][  0]LogInit:  - bUseHttpProxy = false  - Libcurl will NOT use HTTP proxy
[2016.02.16-17.42.57:816][  0]LogInit:  - bDontReuseConnections = false  - Libcurl will reuse connections
[2016.02.16-17.42.57:816][  0]LogInit:  - CertBundlePath = nullptr  - Libcurl will use whatever was configured at build time.
[2016.02.16-17.42.57:821][  0]LogInit: Presizing for 0 objects not considered by GC, pre-allocating 0 bytes.
[2016.02.16-17.42.57:827][  0]LogInit: Object subsystem initialized
[2016.02.16-17.42.57:828][  0]LogInit: Selected Device Profile: [Windows]
[2016.02.16-17.42.57:828][  0]LogInit: Applying CVar settings loaded from the selected device profile: [Windows]
[2016.02.16-17.42.57:842][  0]LogInit: Computer: SNABELSLYNA
[2016.02.16-17.42.57:843][  0]LogInit: User: snabel
[2016.02.16-17.42.57:843][  0]LogInit: CPU Page size=4096, Cores=4
[2016.02.16-17.42.57:843][  0]LogInit: High frequency timer resolution =3.415993 MHz
[2016.02.16-17.42.57:843][  0]LogMemory: Memory total: Physical=7.9GB (8GB approx)
[2016.02.16-17.42.57:843][  0]LogMemory: Platform Memory Stats for Windows
[2016.02.16-17.42.57:843][  0]LogMemory: Process Physical Memory: 54.45 MB used, 54.45 MB peak
[2016.02.16-17.42.57:843][  0]LogMemory: Process Virtual Memory: 55.36 MB used, 55.36 MB peak
[2016.02.16-17.42.57:843][  0]LogMemory: Physical Memory: 5099.60 MB used, 8134.06 MB total
[2016.02.16-17.42.57:843][  0]LogMemory: Virtual Memory: 368.25 MB used, 134217728.00 MB total
[2016.02.16-17.42.57:900][  0]LogTextLocalizationManager: No translations for ('sv-SE') exist, falling back to 'en' for localization and internationalization data.
[2016.02.16-17.42.58:576][  0]LogD3D11RHI: Found D3D11 adapter 0: NVIDIA GeForce GTX 970 (Feature Level 11_0)
[2016.02.16-17.42.58:576][  0]LogD3D11RHI: Adapter has 4008MB of dedicated video memory, 0MB of dedicated system memory, and 4067MB of shared system memory, 1 output[s]
[2016.02.16-17.42.58:577][  0]LogD3D11RHI: Found D3D11 adapter 1: Microsoft Basic Render Driver (Feature Level 11_0)
[2016.02.16-17.42.58:577][  0]LogD3D11RHI: Adapter has 0MB of dedicated video memory, 0MB of dedicated system memory, and 4067MB of shared system memory, 0 output[s]
[2016.02.16-17.42.58:577][  0]LogD3D11RHI: Chosen D3D11 Adapter Id = 0
[2016.02.16-17.42.58:580][  0]LogD3D11RHI: !Direct3DDevice
[2016.02.16-17.42.58:581][  0]LogRHI: Texture pool is 1361 MB (70% of 1945 MB)
[2016.02.16-17.42.58:591][  0]LogD3D11RHI: Async texture creation enabled
[2016.02.16-17.42.58:606][  0]LogShaderCompilers: Guid format shader working directory is 15 characters bigger than the processId version (C:/Users/snabel/Documents/Unreal Projects/StarFox/Intermediate/Shaders/WorkingDirectory/8440/).
[2016.02.16-17.42.58:606][  0]LogShaderCompilers: Cleaned the shader compiler working directory 'C:/Users/snabel/Documents/Unreal Projects/StarFox/Intermediate/Shaders/tmp/5A57F9FB467E9ACB33C7239CC4E91E47/'.
[2016.02.16-17.42.58:606][  0]LogShaderCompilers:Display: Using Local Shader Compiler.
[2016.02.16-17.43.00:225][  0]LogTemp:Display: Loaded TP AllDesktopTargetPlatform
[2016.02.16-17.43.00:229][  0]LogTemp:Display: Loaded TP WindowsClientTargetPlatform
[2016.02.16-17.43.00:233][  0]LogTemp:Display: Loaded TP WindowsNoEditorTargetPlatform
[2016.02.16-17.43.00:236][  0]LogTemp:Display: Loaded TP WindowsServerTargetPlatform
[2016.02.16-17.43.00:240][  0]LogTemp:Display: Loaded TP WindowsTargetPlatform
[2016.02.16-17.43.00:245][  0]LogTemp:Display: Loaded TP AndroidTargetPlatform
[2016.02.16-17.43.00:247][  0]LogTemp:Display: Loaded TP Android_ASTCTargetPlatform
[2016.02.16-17.43.00:250][  0]LogTemp:Display: Loaded TP Android_ATCTargetPlatform
[2016.02.16-17.43.00:252][  0]LogTemp:Display: Loaded TP Android_DXTTargetPlatform
[2016.02.16-17.43.00:255][  0]LogTemp:Display: Loaded TP Android_ETC1TargetPlatform
[2016.02.16-17.43.00:257][  0]LogTemp:Display: Loaded TP Android_ETC2TargetPlatform
[2016.02.16-17.43.00:260][  0]LogTemp:Display: Loaded TP Android_PVRTCTargetPlatform
[2016.02.16-17.43.00:261][  0]LogTemp:Display: Loaded TP HTML5TargetPlatform
[2016.02.16-17.43.00:278][  0]LogTemp:Display: Loaded TP IOSTargetPlatform
[2016.02.16-17.43.00:280][  0]LogTemp:Display: Loaded TP LinuxNoEditorTargetPlatform
[2016.02.16-17.43.00:283][  0]LogTemp:Display: Loaded TP LinuxServerTargetPlatform
[2016.02.16-17.43.00:288][  0]LogTemp:Display: Loaded TP LinuxTargetPlatform
[2016.02.16-17.43.00:288][  0]LogTargetPlatformManager:Display: Building Assets For Windows
[2016.02.16-17.43.00:346][  0]LogDerivedDataCache:Display: Max Cache Size: 512 MB
[2016.02.16-17.43.00:505][  0]LogDerivedDataCache: Loaded boot cache 0.16s 44MB C:/Users/snabel/AppData/Local/UnrealEngine/4.9/DerivedDataCache/Boot.ddc.
[2016.02.16-17.43.00:506][  0]LogDerivedDataCache:Display: Loaded Boot cache: C:/Users/snabel/AppData/Local/UnrealEngine/4.9/DerivedDataCache/Boot.ddc
[2016.02.16-17.43.00:506][  0]LogDerivedDataCache: FDerivedDataBackendGraph:  Pak pak cache file C:/Users/snabel/Documents/Unreal Projects/StarFox/DerivedDataCache/DDC.ddp not found, will not use a pak cache.
[2016.02.16-17.43.00:506][  0]LogDerivedDataCache: Unable to find inner node Pak for hierarchical cache Hierarchy.
[2016.02.16-17.43.00:506][  0]LogDerivedDataCache: FDerivedDataBackendGraph:  CompressedPak pak cache file C:/Users/snabel/Documents/Unreal Projects/StarFox/DerivedDataCache/Compressed.ddp not found, will not use a pak cache.
[2016.02.16-17.43.00:506][  0]LogDerivedDataCache: Unable to find inner node CompressedPak for hierarchical cache Hierarchy.
[2016.02.16-17.43.00:700][  0]LogDerivedDataCache:Display: Pak cache opened for reading ../../../Engine/DerivedDataCache/Compressed.ddp.
[2016.02.16-17.43.00:711][  0]LogDerivedDataCache: Using Local data cache path C:/Users/snabel/AppData/Local/UnrealEngine/Common/DerivedDataCache: Writable
[2016.02.16-17.43.20:470][  0]LogInit: Selected Device Profile: [Windows]
[2016.02.16-17.43.20:473][  0]LogContentStreaming: Texture pool size is 0.000000MB
[2016.02.16-17.43.20:595][  0]LogMeshUtilities: No automatic mesh reduction module available
[2016.02.16-17.43.20:595][  0]LogMeshUtilities: No automatic mesh merging module available
[2016.02.16-17.43.20:867][  0]LogInit: WinSock: version 1.1 (2.2), MaxSocks=32767, MaxUdp=65467
[2016.02.16-17.43.24:405][  0]UdpMessaging: Initializing bridge on interface 0.0.0.0:0 to multicast group 230.0.0.1:6666.
[2016.02.16-17.43.24:702][  0]LogAssetRegistry: FAssetRegistry took 0.0111 seconds to start up
[2016.02.16-17.43.25:049][  0]SourceControl: Info Source control is disabled
[2016.02.16-17.43.25:050][  0]SourceControl: Info Source control is disabled
[2016.02.16-17.43.25:067][  0]SourceControl: Info Source control is disabled
[2016.02.16-17.43.25:093][  0]SourceControl: Info Source control is disabled
[2016.02.16-17.43.25:513][  0]LogLinker:Warning: Asset '../../../Engine/Plugins/Runtime/LeapMotionController/Content/LM_PassthroughMaterial.uasset' has been saved with empty engine version. The asset will be loaded but may be incompatible.
[2016.02.16-17.43.25:695][  0]LogObj: 28386 objects as part of root set at end of initial load.
[2016.02.16-17.43.25:695][  0]LogUObjectAllocator: 6050200 out of 0 bytes used by permanent object pool.
[2016.02.16-17.43.25:805][  0]LogEngine: Initializing Engine...
[2016.02.16-17.43.25:807][  0]LogHMD: Can't find Oculus library dev build: is proper Runtime installed? Version: 0.7.0.0
[2016.02.16-17.43.25:823][  0]LogHMD: SteamVR failed to initialize.  Err: 110
[2016.02.16-17.43.25:936][  0]LogAIModule: Creating AISystem for world NewWorld
[2016.02.16-17.43.25:944][  0]LogInit: XAudio2 using 'Högtalare (Logitech G35 Headset)' : 2 channels at 44.1 kHz using 16 bits per sample (channel mask 0x3)
[2016.02.16-17.43.25:952][  0]LogInit: FAudioDevice initialized.
[2016.02.16-17.43.25:972][  0]LogDerivedDataCache: Saved boot cache 0.02s 44MB C:/Users/snabel/AppData/Local/UnrealEngine/4.9/DerivedDataCache/Boot.ddc.
[2016.02.16-17.43.25:977][  0]LogInit: Texture streaming: Enabled
[2016.02.16-17.43.25:987][  0]LogAnalytics: Creating configured Analytics provider AnalyticsET
[2016.02.16-17.43.25:988][  0]LogAnalytics: [UEEditor.Rocket.Release] APIServer = http://et2.epicgames.com/ET2/. AppVersion = 4.9.1-2689999+++depot+UE4-Releases+4.9
[2016.02.16-17.43.25:988][  0]LogAnalytics: [UEEditor.Rocket.Release] SetUserId fcf2056d41add8e83a7ca0a198c79fb6|02468cb7164248659234c918f7d8f06b|43049118-77b7-47eb-aed6-017bd9278743
[2016.02.16-17.43.25:988][  0]LogAnalytics: [UEEditor.Rocket.Release] AnalyticsET::StartSession
[2016.02.16-17.43.26:034][  0]LogInit: Transaction tracking system initialized
[2016.02.16-17.43.26:127][  0]BlueprintLog: New page: Editor Load
[2016.02.16-17.43.26:535][  0]LocalizationService: Info Localization service is disabled
[2016.02.16-17.43.26:845][  0]LogLinker:Warning: Can't find file '/Game/FirstPersonCPP/FirstPersonOverview'
[2016.02.16-17.43.26:846][  0]LogLinker:Warning: Can't find file '/Game/FirstPersonCPP/FirstPersonOverview'
[2016.02.16-17.43.26:846][  0]LogUObjectGlobals:Warning: Failed to find object 'Class /Game/FirstPersonCPP/FirstPersonOverview.FirstPersonOverview_C'
[2016.02.16-17.43.26:909][  0]LogConsoleResponse:Display: 
[2016.02.16-17.43.27:676][  0]LogCook:Display: Done creating registry. It took  0.00s.
[2016.02.16-17.43.28:081][  0]LogFileCache: Scanning file cache for directory 'C:/Users/snabel/Documents/Unreal Projects/StarFox/Content/' took 0.02s
[2016.02.16-17.43.28:081][  0]SourceControl: Info Source control is disabled
[2016.02.16-17.43.28:081][  0]Cmd: MAP LOAD FILE="C:/Users/snabel/Documents/Unreal Projects/StarFox/Content/StarterContent/Maps/Minimal_Default.umap" TEMPLATE=0 SHOWPROGRESS=1 FEATURELEVEL=3
[2016.02.16-17.43.28:085][  0]LightingResults: New page: Lighting Build
[2016.02.16-17.43.28:086][  0]MapCheck: New page: Map Check
[2016.02.16-17.43.28:087][  0]LightingResults: New page: Lighting Build
[2016.02.16-17.43.28:095][  0]LogParticles: Destroying 0 GPU particle simulations for FXSystem 0x00000265231D82C0
[2016.02.16-17.43.28:293][  0]LogBlueprint:Warning: [compiler FlyingPawn] Warning Input Axis Event references unknown Axis 'MoveRight' for  InputAxis MoveRight 
[2016.02.16-17.43.28:293][  0]LogBlueprint:Warning: [compiler FlyingPawn] Warning Input Axis Event references unknown Axis 'MoveUp' for  InputAxis MoveUp 
[2016.02.16-17.43.28:297][  0]LogBlueprint:Warning: [compiler FlyingPawn] Warning [0031.65] Compile of FlyingPawn successful, but with 2 Warning(s) [in 11 ms]
[2016.02.16-17.43.28:297][  0]LogBlueprint:Warning: [compiler FlyingPawn] Warning [0031.65] Compile of FlyingPawn successful, but with 3 Warning(s) [in 0 ms]
[2016.02.16-17.43.28:297][  0]LogBlueprint:Warning: [compiler FlyingPawn] Warning [0031.66] Compile of FlyingPawn successful, but with 4 Warning(s) [in 0 ms]
[2016.02.16-17.43.28:309][  0]LogBlueprint:Warning: [compiler FlyingPawn] Warning Input Axis Event references unknown Axis 'MoveRight' for  InputAxis MoveRight 
[2016.02.16-17.43.28:309][  0]LogBlueprint:Warning: [compiler FlyingPawn] Warning Input Axis Event references unknown Axis 'MoveUp' for  InputAxis MoveUp 
[2016.02.16-17.43.28:312][  0]LogBlueprint:Warning: [compiler FlyingPawn] Warning [0031.67] Compile of FlyingPawn successful, but with 2 Warning(s) [in 11 ms]
[2016.02.16-17.43.28:312][  0]LogBlueprint:Warning: [compiler FlyingPawn] Warning [0031.67] Compile of FlyingPawn successful, but with 3 Warning(s) [in 0 ms]
[2016.02.16-17.43.28:312][  0]LogBlueprint:Warning: [compiler FlyingPawn] Warning [0031.67] Compile of FlyingPawn successful, but with 4 Warning(s) [in 0 ms]
[2016.02.16-17.43.28:776][  0]LogAIModule: Creating AISystem for world Minimal_Default
[2016.02.16-17.43.28:795][  0]LogEditorServer: Finished looking for orphan Actors (0.000 secs)
[2016.02.16-17.43.28:795][  0]Cmd: MAP CHECKDEP NOCLEARLOG
[2016.02.16-17.43.28:833][  0]MapCheck: Info Map check complete: 0 Error(s), 0 Warning(s), took 37.63ms to complete.
[2016.02.16-17.43.28:833][  0]LogFileHelpers: Loading map 'Minimal_Default' took 0.752
[2016.02.16-17.43.28:916][  0]LogCollectionManager: Loaded 0 collections in 0.001176 seconds
[2016.02.16-17.43.28:955][  0]LogFileCache: Scanning file cache for directory 'C:/Users/snabel/Documents/Unreal Projects/StarFox/Saved/Collections/' took 0.01s
[2016.02.16-17.43.28:955][  0]LogFileCache: Scanning file cache for directory 'C:/Users/snabel/Documents/Unreal Projects/StarFox/Content/Developers/snabel/Collections/' took 0.01s
[2016.02.16-17.43.28:955][  0]LogFileCache: Scanning file cache for directory 'C:/Users/snabel/Documents/Unreal Projects/StarFox/Content/Collections/' took 0.01s
[2016.02.16-17.43.28:955][  0]LogContentBrowser: Native class hierarchy populated in 0.0068 seconds. Added 1870 classes and 335 folders.
[2016.02.16-17.43.28:958][  0]LogCollectionManager: Rebuilt the GUID cache for 0 collections in 0.000002 seconds
[2016.02.16-17.43.28:963][  0]LogContentBrowser: Native class hierarchy updated for 'WidgetCarousel' in 0.0007 seconds. Added 0 classes and 0 folders.
[2016.02.16-17.43.30:317][  0]LogContentBrowser: Native class hierarchy updated for 'AddContentDialog' in 0.0041 seconds. Added 0 classes and 0 folders.
[2016.02.16-17.43.30:412][  0]LogContentBrowser: Native class hierarchy updated for 'SceneOutliner' in 0.0008 seconds. Added 1 classes and 2 folders.
[2016.02.16-17.43.30:543][  0]LogCrashTracker: Crashtracker disabled due to settings.
[2016.02.16-17.43.30:547][  0]LogUObjectGlobals:Warning: Failed to find object 'Class None.'
[2016.02.16-17.43.30:568][  0]LogLoad: Full Startup: 33.93 seconds (BP compile: 0.13 seconds)
[2016.02.16-17.43.30:637][  0]LogContentStreaming: Texture pool size now 1000 MB
[2016.02.16-17.43.30:791][  0]LogRenderer: Reallocating scene render targets to support 960x904 (Frame:2).
[2016.02.16-17.43.30:992][  3]LogAssetRegistry: Asset discovery search completed in 6.3012 seconds
[2016.02.16-17.43.30:992][  3]LogCollectionManager: Rebuilt the object cache for 0 collections in 0.000001 seconds (found 0 objects)
[2016.02.16-17.43.30:992][  3]LogCollectionManager: Fixed up redirectors for 0 collections in 0.000018 seconds (updated 0 objects)
[2016.02.16-17.43.58:197][558]LogBlueprintUserMessages: Early PlayInEditor Detection: Level '/Game/StarterContent/Maps/Minimal_Default.Minimal_Default:PersistentLevel' has LevelScriptBlueprint '/Game/StarterContent/Maps/Minimal_Default.Minimal_Default:PersistentLevel.Minimal_Default' with GeneratedClass '/Game/StarterContent/Maps/Minimal_Default.Minimal_Default_C' with ClassGeneratedBy '/Game/StarterContent/Maps/Minimal_Default.Minimal_Default:PersistentLevel.Minimal_Default'
[2016.02.16-17.43.58:197][558]LogPlayLevel: PlayLevel: No blueprints needed recompiling
[2016.02.16-17.43.58:197][558]PIE: New page: PIE session: Minimal_Default (Feb 16, 2016, 7:43:58 PM)
[2016.02.16-17.43.58:198][558]LogPlayLevel: Creating play world package: /Game/StarterContent/Maps/UEDPIE_0_Minimal_Default
[2016.02.16-17.43.58:207][558]LogPlayLevel: PIE: StaticDuplicateObject took: (0.009591s)
[2016.02.16-17.43.58:208][558]LogAIModule: Creating AISystem for world Minimal_Default
[2016.02.16-17.43.58:209][558]LogPlayLevel: PIE: World Init took: (0.000922s)
[2016.02.16-17.43.58:209][558]LogPlayLevel: PIE: Created PIE world by copying editor world from /Game/StarterContent/Maps/Minimal_Default.Minimal_Default to /Game/StarterContent/Maps/UEDPIE_0_Minimal_Default.Minimal_Default (0.010765s)
[2016.02.16-17.43.58:233][558]LogInit: XAudio2 using 'Högtalare (Logitech G35 Headset)' : 2 channels at 44.1 kHz using 16 bits per sample (channel mask 0x3)
[2016.02.16-17.43.58:239][558]LogInit: FAudioDevice initialized.
[2016.02.16-17.43.58:316][558]LogWorld: Game class is 'MyStarFoxGameModeBP_C'
[2016.02.16-17.43.58:321][558]LogWorld:Warning: *** WARNING - PATHS MAY NOT BE VALID ***
[2016.02.16-17.43.58:321][558]LogWorld: Bringing World /Game/StarterContent/Maps/UEDPIE_0_Minimal_Default.Minimal_Default up for play (max tick rate 0) at 2016.02.16-18.43.58
[2016.02.16-17.43.58:321][558]LogActor:Warning: GameSession /Game/StarterContent/Maps/UEDPIE_0_Minimal_Default.Minimal_Default:PersistentLevel.GameSession_0 has natively added scene component(s), but none of them were set as the actor's RootComponent - picking one arbitrarily
[2016.02.16-17.43.58:322][558]LogActor:Warning: GameNetworkManager /Game/StarterContent/Maps/UEDPIE_0_Minimal_Default.Minimal_Default:PersistentLevel.GameNetworkManager_0 has natively added scene component(s), but none of them were set as the actor's RootComponent - picking one arbitrarily
[2016.02.16-17.43.58:323][558]LogWorld: Bringing up level for play took: 0.005739
[2016.02.16-17.43.58:324][558]PIE: Info Play in editor start time for /Game/StarterContent/Maps/UEDPIE_0_Minimal_Default -0.867
[2016.02.16-17.43.58:324][558]LogBlueprintUserMessages: Late PlayInEditor Detection: Level '/Game/StarterContent/Maps/Minimal_Default.Minimal_Default:PersistentLevel' has LevelScriptBlueprint '/Game/StarterContent/Maps/Minimal_Default.Minimal_Default:PersistentLevel.Minimal_Default' with GeneratedClass '/Game/StarterContent/Maps/Minimal_Default.Minimal_Default_C' with ClassGeneratedBy '/Game/StarterContent/Maps/Minimal_Default.Minimal_Default:PersistentLevel.Minimal_Default'
[2016.02.16-17.44.05:940][462]LogBlueprintUserMessages: Early EndPlayMap Detection: Level '/Game/StarterContent/Maps/Minimal_Default.Minimal_Default:PersistentLevel' has LevelScriptBlueprint '/Game/StarterContent/Maps/Minimal_Default.Minimal_Default:PersistentLevel.Minimal_Default' with GeneratedClass '/Game/StarterContent/Maps/Minimal_Default.Minimal_Default_C' with ClassGeneratedBy '/Game/StarterContent/Maps/Minimal_Default.Minimal_Default:PersistentLevel.Minimal_Default'
[2016.02.16-17.44.05:972][462]LogBlueprintUserMessages: Late EndPlayMap Detection: Level '/Game/StarterContent/Maps/Minimal_Default.Minimal_Default:PersistentLevel' has LevelScriptBlueprint '/Game/StarterContent/Maps/Minimal_Default.Minimal_Default:PersistentLevel.Minimal_Default' with GeneratedClass '/Game/StarterContent/Maps/Minimal_Default.Minimal_Default_C' with ClassGeneratedBy '/Game/StarterContent/Maps/Minimal_Default.Minimal_Default:PersistentLevel.Minimal_Default'
[2016.02.16-17.44.05:983][462]LogParticles: Destroying 0 GPU particle simulations for FXSystem 0x00000265343CDC60
[2016.02.16-17.44.17:454][824]LogWindowsTextInputMethodSystem:Display: IME system now deactivated.
[2016.02.16-17.44.17:686][825]Cmd: QUIT_EDITOR
[2016.02.16-17.44.18:256][825]LogExit: Preparing to exit.
[2016.02.16-17.44.18:534][825]LogExit: Editor shut down
[2016.02.16-17.44.18:534][825]LogExit: Transaction tracking system shut down
[2016.02.16-17.44.18:536][825]LogParticles: Destroying 0 GPU particle simulations for FXSystem 0x000002651A59B4C0
[2016.02.16-17.44.18:536][825]LogParticles: Destroying 0 GPU particle simulations for FXSystem 0x0000026534C1F880
[2016.02.16-17.44.18:536][825]LogParticles: Destroying 0 GPU particle simulations for FXSystem 0x0000026534301D00
[2016.02.16-17.44.18:536][825]LogParticles: Destroying 0 GPU particle simulations for FXSystem 0x00000265397AFCE0
[2016.02.16-17.44.18:642][825]LogExit: Object subsystem successfully closed.
[2016.02.16-17.44.18:656][825]LogD3D11RHI: Shutdown
[2016.02.16-17.44.18:656][825]LogD3D11RHI: CleanupD3DDevice
[2016.02.16-17.44.18:687][825]LogD3D11RHI: ~FD3D11DynamicRHI
[2016.02.16-17.44.18:699][825]LogModuleManager: Shutting down and abandoning module CrashTracker (198)
[2016.02.16-17.44.18:699][825]LogModuleManager: Shutting down and abandoning module SceneOutliner (197)
[2016.02.16-17.44.18:699][825]LogModuleManager: Shutting down and abandoning module SuperSearch (196)
[2016.02.16-17.44.18:699][825]LogModuleManager: Shutting down and abandoning module WidgetCarousel (195)
[2016.02.16-17.44.18:699][825]LogModuleManager: Shutting down and abandoning module AddContentDialog (194)
[2016.02.16-17.44.18:699][825]LogModuleManager: Shutting down and abandoning module EditorWidgets (193)
[2016.02.16-17.44.18:699][825]LogModuleManager: Shutting down and abandoning module CollectionManager (192)
[2016.02.16-17.44.18:700][825]LogModuleManager: Shutting down and abandoning module StatsViewer (191)
[2016.02.16-17.44.18:700][825]LogModuleManager: Shutting down and abandoning module FoliageEdit (190)
[2016.02.16-17.44.18:700][825]LogModuleManager: Shutting down and abandoning module LandscapeEditor (189)
[2016.02.16-17.44.18:700][825]LogModuleManager: Shutting down and abandoning module ActorPickerMode (188)
[2016.02.16-17.44.18:700][825]LogModuleManager: Shutting down and abandoning module GeometryMode (187)
[2016.02.16-17.44.18:700][825]LogModuleManager: Shutting down and abandoning module TextureAlignMode (186)
[2016.02.16-17.44.18:700][825]LogModuleManager: Shutting down and abandoning module BspMode (185)
[2016.02.16-17.44.18:700][825]LogModuleManager: Shutting down and abandoning module PlacementMode (184)
[2016.02.16-17.44.18:700][825]LogModuleManager: Shutting down and abandoning module AutomationWorker (183)
[2016.02.16-17.44.18:700][825]LogModuleManager: Shutting down and abandoning module CharacterAI (182)
[2016.02.16-17.44.18:700][825]LogModuleManager: Shutting down and abandoning module SmartSnapping (181)
[2016.02.16-17.44.18:700][825]LogModuleManager: Shutting down and abandoning module ViewportSnapping (180)
[2016.02.16-17.44.18:700][825]LogModuleManager: Shutting down and abandoning module LogVisualizer (179)
[2016.02.16-17.44.18:700][825]LogModuleManager: Shutting down and abandoning module GameProjectGeneration (178)
[2016.02.16-17.44.18:700][825]LogModuleManager: Shutting down and abandoning module IntroTutorials (177)
[2016.02.16-17.44.18:700][825]LogModuleManager: Shutting down and abandoning module EditorLiveStreaming (176)
[2016.02.16-17.44.18:700][825]LogModuleManager: Shutting down and abandoning module IOSPlatformEditor (175)
[2016.02.16-17.44.18:700][825]LogModuleManager: Shutting down and abandoning module HTML5PlatformEditor (174)
[2016.02.16-17.44.18:700][825]LogModuleManager: Shutting down and abandoning module AndroidDeviceDetection (173)
[2016.02.16-17.44.19:696][825]LogModuleManager: Shutting down and abandoning module AndroidPlatformEditor (172)
[2016.02.16-17.44.19:696][825]LogModuleManager: Shutting down and abandoning module IOSRuntimeSettings (171)
[2016.02.16-17.44.19:696][825]LogModuleManager: Shutting down and abandoning module AndroidRuntimeSettings (170)
[2016.02.16-17.44.19:696][825]LogModuleManager: Shutting down and abandoning module MergeActors (169)
[2016.02.16-17.44.19:696][825]LogModuleManager: Shutting down and abandoning module SizeMap (168)
[2016.02.16-17.44.19:696][825]LogModuleManager: Shutting down and abandoning module TreeMap (167)
[2016.02.16-17.44.19:696][825]LogModuleManager: Shutting down and abandoning module ReferenceViewer (166)
[2016.02.16-17.44.19:696][825]LogModuleManager: Shutting down and abandoning module LocalizationService (165)
[2016.02.16-17.44.19:697][825]LogModuleManager: Shutting down and abandoning module LocalizationDashboard (164)
[2016.02.16-17.44.19:697][825]LogModuleManager: Shutting down and abandoning module HardwareTargeting (163)
[2016.02.16-17.44.19:697][825]LogModuleManager: Shutting down and abandoning module DeviceProfileEditor (162)
[2016.02.16-17.44.19:697][825]LogModuleManager: Shutting down and abandoning module UndoHistory (161)
[2016.02.16-17.44.19:697][825]LogModuleManager: Shutting down and abandoning module GameplayTagsEditor (160)
[2016.02.16-17.44.19:697][825]LogModuleManager: Shutting down and abandoning module UserFeedback (159)
[2016.02.16-17.44.19:697][825]LogModuleManager: Shutting down and abandoning module XmlParser (158)
[2016.02.16-17.44.19:697][825]LogModuleManager: Shutting down and abandoning module Blutility (157)
[2016.02.16-17.44.19:697][825]LogModuleManager: Shutting down and abandoning module ProjectTargetPlatformEditor (156)
[2016.02.16-17.44.19:697][825]LogModuleManager: Shutting down and abandoning module ProjectSettingsViewer (155)
[2016.02.16-17.44.19:697][825]LogModuleManager: Shutting down and abandoning module InputBindingEditor (154)
[2016.02.16-17.44.19:697][825]LogModuleManager: Shutting down and abandoning module EditorSettingsViewer (153)
[2016.02.16-17.44.19:697][825]LogModuleManager: Shutting down and abandoning module SettingsEditor (152)
[2016.02.16-17.44.19:697][825]LogModuleManager: Shutting down and abandoning module ProjectLauncher (151)
[2016.02.16-17.44.19:697][825]LogModuleManager: Shutting down and abandoning module SessionFrontend (150)
[2016.02.16-17.44.19:697][825]LogModuleManager: Shutting down and abandoning module ProfilerClient (149)
[2016.02.16-17.44.19:697][825]LogModuleManager: Shutting down and abandoning module TargetDeviceServices (148)
[2016.02.16-17.44.19:697][825]LogModuleManager: Shutting down and abandoning module DeviceManager (147)
[2016.02.16-17.44.19:698][825]LogModuleManager: Shutting down and abandoning module AutomationController (146)
[2016.02.16-17.44.19:698][825]LogModuleManager: Shutting down and abandoning module AutomationWindow (145)
[2016.02.16-17.44.19:698][825]LogModuleManager: Shutting down and abandoning module Layers (144)
[2016.02.16-17.44.19:698][825]LogModuleManager: Shutting down and abandoning module ComponentVisualizers (143)
[2016.02.16-17.44.19:698][825]LogModuleManager: Shutting down and abandoning module DetailCustomizations (142)
[2016.02.16-17.44.19:698][825]LogModuleManager: Shutting down and abandoning module PackagesDialog (141)
[2016.02.16-17.44.19:698][825]LogModuleManager: Shutting down and abandoning module Persona (140)
[2016.02.16-17.44.19:698][825]LogModuleManager: Shutting down and abandoning module Kismet (139)
[2016.02.16-17.44.19:698][825]LogModuleManager: Shutting down and abandoning module GraphEditor (138)
[2016.02.16-17.44.19:698][825]LogModuleManager: Shutting down and abandoning module ClassViewer (137)
[2016.02.16-17.44.19:698][825]LogModuleManager: Shutting down and abandoning module Toolbox (136)
[2016.02.16-17.44.19:698][825]LogModuleManager: Shutting down and abandoning module ModuleUI (135)
[2016.02.16-17.44.19:698][825]LogModuleManager: Shutting down and abandoning module MovieSceneTools (134)
[2016.02.16-17.44.19:698][825]LogModuleManager: Shutting down and abandoning module OutputLog (133)
[2016.02.16-17.44.19:698][825]LogModuleManager: Shutting down and abandoning module GammaUI (132)
[2016.02.16-17.44.19:698][825]LogModuleManager: Shutting down and abandoning module Documentation (131)
[2016.02.16-17.44.19:698][825]LogModuleManager: Shutting down and abandoning module GameLiveStreaming (130)
[2016.02.16-17.44.19:698][825]LogModuleManager: Shutting down and abandoning module StreamingPauseRendering (129)
[2016.02.16-17.44.19:698][825]LogModuleManager: Shutting down and abandoning module AnalyticsET (128)
[2016.02.16-17.44.19:698][825]LogModuleManager: Shutting down and abandoning module Analytics (127)
[2016.02.16-17.44.19:698][825]LogModuleManager: Shutting down and abandoning module AITestSuite (126)
[2016.02.16-17.44.19:698][825]LogModuleManager: Shutting down and abandoning module GameplayDebugger (125)
[2016.02.16-17.44.19:698][825]LogModuleManager: Shutting down and abandoning module AIModule (124)
[2016.02.16-17.44.19:698][825]LogModuleManager: Shutting down and abandoning module ProfilerService (123)
[2016.02.16-17.44.19:800][825]LogModuleManager: Shutting down and abandoning module TaskGraph (122)
[2016.02.16-17.44.19:800][825]LogModuleManager: Shutting down and abandoning module SlateRemote (121)
[2016.02.16-17.44.19:800][825]LogModuleManager: Shutting down and abandoning module SteamVRController (120)
[2016.02.16-17.44.19:800][825]LogModuleManager: Shutting down and abandoning module SteamVR (119)
[2016.02.16-17.44.19:800][825]LogModuleManager: Shutting down and abandoning module ProceduralMeshComponent (118)
[2016.02.16-17.44.19:800][825]LogModuleManager: Shutting down and abandoning module OculusRift (117)
[2016.02.16-17.44.19:800][825]LogModuleManager: Shutting down and abandoning module OculusLibrary (116)
[2016.02.16-17.44.19:800][825]LogModuleManager: Shutting down and abandoning module LeapMotionController (115)
[2016.02.16-17.44.19:824][825]LogModuleManager: Shutting down and abandoning module CustomMeshComponent (114)
[2016.02.16-17.44.19:824][825]LogModuleManager: Shutting down and abandoning module CableComponent (113)
[2016.02.16-17.44.19:824][825]LogModuleManager: Shutting down and abandoning module ArchVisCharacter (112)
[2016.02.16-17.44.19:824][825]LogModuleManager: Shutting down and abandoning module MessagingDebugger (111)
[2016.02.16-17.44.19:825][825]LogModuleManager: Shutting down and abandoning module MediaPlayerEditor (110)
[2016.02.16-17.44.19:825][825]LogModuleManager: Shutting down and abandoning module HTML5Networking (109)
[2016.02.16-17.44.19:825][825]LogModuleManager: Shutting down and abandoning module SpeedTreeImporter (108)
[2016.02.16-17.44.19:825][825]LogModuleManager: Shutting down and abandoning module PluginBrowser (107)
[2016.02.16-17.44.19:825][825]LogModuleManager: Shutting down and abandoning module EpicSurvey (106)
[2016.02.16-17.44.19:825][825]LogModuleManager: Shutting down and abandoning module DesktopPlatform (105)
[2016.02.16-17.44.19:825][825]LogModuleManager: Shutting down and abandoning module VisualStudioSourceCodeAccess (104)
[2016.02.16-17.44.19:825][825]LogModuleManager: Shutting down and abandoning module UObjectPlugin (103)
[2016.02.16-17.44.19:825][825]LogModuleManager: Shutting down and abandoning module SubversionSourceControl (102)
[2016.02.16-17.44.19:825][825]LogModuleManager: Shutting down and abandoning module PerforceSourceControl (101)
[2016.02.16-17.44.19:825][825]LogModuleManager: Shutting down and abandoning module SourceControl (100)
[2016.02.16-17.44.19:825][825]LogModuleManager: Shutting down and abandoning module GitSourceControl (99)
[2016.02.16-17.44.19:825][825]LogModuleManager: Shutting down and abandoning module LightPropagationVolumeEditor (98)
[2016.02.16-17.44.19:825][825]LogModuleManager: Shutting down and abandoning module PaperTiledImporter (97)
[2016.02.16-17.44.19:825][825]LogModuleManager: Shutting down and abandoning module PaperSpriteSheetImporter (96)
[2016.02.16-17.44.19:825][825]LogModuleManager: Shutting down and abandoning module MeshPaint (95)
[2016.02.16-17.44.19:825][825]LogModuleManager: Shutting down and abandoning module SlateReflector (94)
[2016.02.16-17.44.19:825][825]LogModuleManager: Shutting down and abandoning module HotReload (93)
[2016.02.16-17.44.19:826][825]LogModuleManager: Shutting down and abandoning module MainFrame (92)
[2016.02.16-17.44.19:826][825]LogModuleManager: Shutting down and abandoning module LevelEditor (91)
[2016.02.16-17.44.19:828][825]LogModuleManager: Shutting down and abandoning module DirectoryWatcher (90)
[2016.02.16-17.44.19:829][825]LogModuleManager: Shutting down and abandoning module AssetRegistry (89)
[2016.02.16-17.44.19:905][825]LogModuleManager: Shutting down and abandoning module ContentBrowser (88)
[2016.02.16-17.44.19:906][825]LogModuleManager: Shutting down and abandoning module Paper2DEditor (87)
[2016.02.16-17.44.19:906][825]LogModuleManager: Shutting down and abandoning module StarFox (86)
[2016.02.16-17.44.19:906][825]LogModuleManager: Shutting down and abandoning module UdpMessaging (85)
[2016.02.16-17.44.20:007][825]LogModuleManager: Shutting down and abandoning module LightPropagationVolumeRuntime (84)
[2016.02.16-17.44.20:007][825]LogModuleManager: Shutting down and abandoning module Paper2D (83)
[2016.02.16-17.44.20:007][825]LogModuleManager: Shutting down and abandoning module WindowsMoviePlayer (82)
[2016.02.16-17.44.20:009][825]LogModuleManager: Shutting down and abandoning module Media (81)
[2016.02.16-17.44.20:009][825]LogModuleManager: Shutting down and abandoning module WmfMedia (80)
[2016.02.16-17.44.20:010][825]LogModuleManager: Shutting down and abandoning module OnlineBlueprintSupport (79)
[2016.02.16-17.44.20:010][825]LogModuleManager: Shutting down and abandoning module GameplayTasksEditor (78)
[2016.02.16-17.44.20:010][825]LogModuleManager: Shutting down and abandoning module PropertyEditor (77)
[2016.02.16-17.44.20:010][825]LogModuleManager: Shutting down and abandoning module BehaviorTreeEditor (76)
[2016.02.16-17.44.20:010][825]LogModuleManager: Shutting down and abandoning module FunctionalTesting (75)
[2016.02.16-17.44.20:010][825]LogModuleManager: Shutting down and abandoning module CollisionAnalyzer (74)
[2016.02.16-17.44.20:010][825]LogModuleManager: Shutting down and abandoning module WorkspaceMenuStructure (73)
[2016.02.16-17.44.20:010][825]LogModuleManager: Shutting down and abandoning module MessageLog (72)
[2016.02.16-17.44.20:010][825]LogModuleManager: Shutting down and abandoning module Sequencer (71)
[2016.02.16-17.44.20:010][825]LogModuleManager: Shutting down and abandoning module AssetTools (70)
[2016.02.16-17.44.20:010][825]LogModuleManager: Shutting down and abandoning module UMGEditor (69)
[2016.02.16-17.44.20:010][825]LogModuleManager: Shutting down and abandoning module UMG (68)
[2016.02.16-17.44.20:010][825]LogModuleManager: Shutting down and abandoning module Slate (67)
[2016.02.16-17.44.20:010][825]LogModuleManager: Shutting down and abandoning module EditorStyle (66)
[2016.02.16-17.44.20:011][825]LogModuleManager: Shutting down and abandoning module SessionServices (65)
[2016.02.16-17.44.20:011][825]LogModuleManager: Shutting down and abandoning module SourceCodeAccess (64)
[2016.02.16-17.44.20:011][825]LogModuleManager: Shutting down and abandoning module HeadMountedDisplay (63)
[2016.02.16-17.44.20:011][825]LogModuleManager: Shutting down and abandoning module XAudio2 (62)
[2016.02.16-17.44.20:011][825]LogModuleManager: Shutting down and abandoning module Networking (60)
[2016.02.16-17.44.20:011][825]LogModuleManager: Shutting down and abandoning module Core (59)
[2016.02.16-17.44.20:011][825]LogModuleManager: Shutting down and abandoning module KismetCompiler (58)
[2016.02.16-17.44.20:011][825]LogModuleManager: Shutting down and abandoning module PhysXFormats (57)
[2016.02.16-17.44.20:012][825]LogModuleManager: Shutting down and abandoning module MeshUtilities (56)
[2016.02.16-17.44.20:012][825]LogModuleManager: Shutting down and abandoning module CookingStats (55)
[2016.02.16-17.44.20:012][825]LogModuleManager: Shutting down and abandoning module DerivedDataCache (54)
[2016.02.16-17.44.20:249][825]LogDerivedDataCache: Shutdown
[2016.02.16-17.44.20:249][825]LogModuleManager: Shutting down and abandoning module ShaderFormatOpenGL (53)
[2016.02.16-17.44.20:249][825]LogModuleManager: Shutting down and abandoning module ShaderFormatD3D (52)
[2016.02.16-17.44.20:249][825]LogModuleManager: Shutting down and abandoning module MetalShaderFormat (51)
[2016.02.16-17.44.20:249][825]LogModuleManager: Shutting down and abandoning module TextureFormatUncompressed (50)
[2016.02.16-17.44.20:249][825]LogModuleManager: Shutting down and abandoning module TextureFormatPVR (49)
[2016.02.16-17.44.20:249][825]LogModuleManager: Shutting down and abandoning module TextureFormatIntelISPCTexComp (48)
[2016.02.16-17.44.20:249][825]LogModuleManager: Shutting down and abandoning module TextureFormatDXT (47)
[2016.02.16-17.44.20:249][825]LogModuleManager: Shutting down and abandoning module ImageWrapper (46)
[2016.02.16-17.44.20:249][825]LogModuleManager: Shutting down and abandoning module TextureFormatASTC (45)
[2016.02.16-17.44.20:249][825]LogModuleManager: Shutting down and abandoning module TextureFormatAndroid (44)
[2016.02.16-17.44.20:249][825]LogModuleManager: Shutting down and abandoning module AudioFormatOpus (43)
[2016.02.16-17.44.20:249][825]LogModuleManager: Shutting down and abandoning module AudioFormatOgg (42)
[2016.02.16-17.44.20:249][825]LogModuleManager: Shutting down and abandoning module AudioFormatADPCM (41)
[2016.02.16-17.44.20:249][825]LogModuleManager: Shutting down and abandoning module LinuxTargetPlatform (40)
[2016.02.16-17.44.20:249][825]LogModuleManager: Shutting down and abandoning module LinuxServerTargetPlatform (39)
[2016.02.16-17.44.20:249][825]LogModuleManager: Shutting down and abandoning module LinuxNoEditorTargetPlatform (38)
[2016.02.16-17.44.20:249][825]LogModuleManager: Shutting down and abandoning module Messaging (37)
[2016.02.16-17.44.20:249][825]LogModuleManager: Shutting down and abandoning module IOSTargetPlatform (36)
[2016.02.16-17.44.20:249][825]LogModuleManager: Shutting down and abandoning module HTML5TargetPlatform (35)
[2016.02.16-17.44.20:249][825]LogModuleManager: Shutting down and abandoning module Android_PVRTCTargetPlatform (34)
[2016.02.16-17.44.20:249][825]LogModuleManager: Shutting down and abandoning module Android_ETC2TargetPlatform (33)
[2016.02.16-17.44.20:249][825]LogModuleManager: Shutting down and abandoning module Android_ETC1TargetPlatform (32)
[2016.02.16-17.44.20:249][825]LogModuleManager: Shutting down and abandoning module Android_DXTTargetPlatform (31)
[2016.02.16-17.44.20:249][825]LogModuleManager: Shutting down and abandoning module Android_ATCTargetPlatform (30)
[2016.02.16-17.44.20:249][825]LogModuleManager: Shutting down and abandoning module Android_ASTCTargetPlatform (29)
[2016.02.16-17.44.20:249][825]LogModuleManager: Shutting down and abandoning module AndroidTargetPlatform (28)
[2016.02.16-17.44.20:249][825]LogModuleManager: Shutting down and abandoning module WindowsTargetPlatform (27)
[2016.02.16-17.44.20:249][825]LogModuleManager: Shutting down and abandoning module WindowsServerTargetPlatform (26)
[2016.02.16-17.44.20:249][825]LogModuleManager: Shutting down and abandoning module WindowsNoEditorTargetPlatform (25)
[2016.02.16-17.44.20:249][825]LogModuleManager: Shutting down and abandoning module WindowsClientTargetPlatform (24)
[2016.02.16-17.44.20:249][825]LogModuleManager: Shutting down and abandoning module AllDesktopTargetPlatform (23)
[2016.02.16-17.44.20:249][825]LogModuleManager: Shutting down and abandoning module TargetPlatform (22)
[2016.02.16-17.44.20:249][825]LogModuleManager: Shutting down and abandoning module InputCore (21)
[2016.02.16-17.44.20:249][825]LogModuleManager: Shutting down and abandoning module Settings (20)
[2016.02.16-17.44.20:249][825]LogModuleManager: Shutting down and abandoning module OnlineSubsystem (18)
[2016.02.16-17.44.20:249][825]LogModuleManager: Shutting down and abandoning module HTTP (17)
[2016.02.16-17.44.22:252][825]LogModuleManager: Shutting down and abandoning module XMPP (16)
[2016.02.16-17.44.22:252][825]LogModuleManager: Shutting down and abandoning module ExampleDeviceProfileSelector (15)
[2016.02.16-17.44.22:252][825]LogModuleManager: Shutting down and abandoning module TextureCompressor (14)
[2016.02.16-17.44.22:252][825]LogModuleManager: Shutting down and abandoning module ShaderCore (13)
[2016.02.16-17.44.22:252][825]LogModuleManager: Shutting down and abandoning module Landscape (12)
[2016.02.16-17.44.22:252][825]LogModuleManager: Shutting down and abandoning module SlateRHIRenderer (11)
[2016.02.16-17.44.22:253][825]LogModuleManager: Shutting down and abandoning module OpenGLDrv (10)
[2016.02.16-17.44.22:253][825]LogModuleManager: Shutting down and abandoning module D3D11RHI (9)
[2016.02.16-17.44.22:253][825]LogModuleManager: Shutting down and abandoning module AnimGraphRuntime (8)
[2016.02.16-17.44.22:253][825]LogModuleManager: Shutting down and abandoning module Renderer (7)
[2016.02.16-17.44.22:253][825]LogModuleManager: Shutting down and abandoning module Engine (6)
[2016.02.16-17.44.22:253][825]LogModuleManager: Shutting down and abandoning module CoreUObject (5)
[2016.02.16-17.44.22:253][825]LogModuleManager: Shutting down and abandoning module NetworkFile (4)
[2016.02.16-17.44.22:253][825]LogModuleManager: Shutting down and abandoning module StreamingFile (3)
[2016.02.16-17.44.22:253][825]LogModuleManager: Shutting down and abandoning module SandboxFile (2)
[2016.02.16-17.44.22:253][825]LogModuleManager: Shutting down and abandoning module PakFile (1)
[2016.02.16-17.44.22:254][825]LogExit: Exiting.
[2016.02.16-17.44.22:256][825]Log file closed, 02/16/16 18:44:22
